JvmtiExport can_access_local_variables 0
JvmtiExport can_hotswap_or_post_breakpoint 0
JvmtiExport can_post_on_exceptions 0
# 189 ciObject found
instanceKlass com/jogamp/nativewindow/util/PixelFormat$PackedComposition
instanceKlass com/jogamp/nativewindow/util/PixelFormat$Composition
instanceKlass com/jogamp/opengl/util/texture/TextureState
instanceKlass com/mathworks/hg/uij/RenderingHintsHelper
instanceKlass sun/font/DelegatingShape
instanceKlass java/awt/font/TextLine$TextLineMetrics
instanceKlass sun/font/GlyphLayout$LayoutEngineKey
instanceKlass sun/font/GlyphLayout$EngineRecord
instanceKlass sun/font/ScriptRunData
instanceKlass sun/font/GlyphLayout$SDCache$SDKey
instanceKlass sun/font/GlyphLayout$SDCache
instanceKlass sun/font/FontRunIterator
instanceKlass sun/font/ScriptRun
instanceKlass sun/font/TextRecord
instanceKlass sun/font/GlyphLayout$GVData
instanceKlass sun/font/SunLayoutEngine
instanceKlass sun/font/GlyphLayout$LayoutEngineFactory
instanceKlass sun/font/GlyphLayout$LayoutEngine
instanceKlass sun/font/GlyphLayout
instanceKlass sun/font/TextLabel
instanceKlass sun/font/Decoration$Label
instanceKlass sun/font/TextSource
instanceKlass sun/font/TextLineComponent
instanceKlass sun/font/TextLabelFactory
instanceKlass sun/font/Decoration
instanceKlass sun/text/normalizer/UBiDiProps$IsAcceptable
instanceKlass sun/text/normalizer/UBiDiProps
instanceKlass sun/text/normalizer/VersionInfo
instanceKlass sun/text/normalizer/Trie$DefaultGetFoldingOffset
instanceKlass sun/text/normalizer/UCharacterPropertyReader
instanceKlass sun/text/normalizer/UCharacterProperty
instanceKlass sun/text/normalizer/UCharacter
instanceKlass sun/text/bidi/BidiBase$ImpTabPair
instanceKlass sun/text/bidi/BidiBase
instanceKlass java/text/Bidi
instanceKlass java/awt/font/TextLine$Function
instanceKlass java/awt/font/TextLine
instanceKlass java/awt/font/TextLayout$CaretPolicy
instanceKlass java/awt/font/TextLayout
instanceKlass com/mathworks/hg/uij/OpenGLUtils$CrashLog
instanceKlass com/jogamp/opengl/FBObject$1
instanceKlass com/jogamp/opengl/FBObject$Attachment
instanceKlass com/jogamp/opengl/FBObject$Colorbuffer
instanceKlass com/jogamp/opengl/FBObject
instanceKlass com/jogamp/opengl/GLFBODrawable$Resizeable
instanceKlass com/jogamp/opengl/util/GLPixelBuffer
instanceKlass com/jogamp/opengl/util/GLPixelStorageModes
instanceKlass com/jogamp/opengl/awt/GLJPanel$OffscreenBackend
instanceKlass java/beans/Beans
instanceKlass com/mathworks/hg/uij/OpenGLUtils
instanceKlass sun/swing/MenuItemLayoutHelper$ColumnAlignment
instanceKlass sun/swing/MenuItemLayoutHelper$LayoutResult
instanceKlass com/mathworks/hg/peer/FigurePeer$18
instanceKlass jogamp/nativewindow/SurfaceScaleUtils
instanceKlass jogamp/nativewindow/awt/AWTMisc
instanceKlass com/mathworks/mde/desk/DDUXLoggerBridge$2
instanceKlass org/apache/commons/codec/binary/Hex
instanceKlass org/apache/commons/codec/BinaryDecoder
instanceKlass org/apache/commons/codec/Decoder
instanceKlass org/apache/commons/codec/BinaryEncoder
instanceKlass org/apache/commons/codec/Encoder
instanceKlass org/apache/commons/codec/binary/StringUtils
instanceKlass org/apache/commons/codec/digest/DigestUtils
instanceKlass com/mathworks/hg/peer/FigurePeer$27
instanceKlass com/mathworks/hg/peer/AbstractToolbuttonPeer$AbstractToolListener
instanceKlass sun/swing/MenuItemLayoutHelper$RectSize
instanceKlass com/mathworks/hg/peer/FigureComponentProxy$1
instanceKlass com/mathworks/hg/peer/PositionData
instanceKlass com/mathworks/hg/peer/PaintDisabled
instanceKlass com/mathworks/hg/peer/FigureClientProxy$1
instanceKlass com/mathworks/hg/util/HGPeerQueue$HGPeerRunnablesRunner
instanceKlass com/mathworks/mde/cmdwin/CmdWinDocumentUtilities
instanceKlass com/mathworks/installservicehandler/InstallServiceHandlerUtilities
instanceKlass com/mathworks/mde/desk/LoginStatusIndicator$7
instanceKlass com/mathworks/hg/uij/TextBoundsRequestHandler$TextExtentsRunnable
instanceKlass com/mathworks/hg/uij/TextBoundsRequestHandler
instanceKlass com/mathworks/hg/peer/CommandRunnable
instanceKlass com/mathworks/hg/peer/JOGLEventListener
instanceKlass com/jogamp/opengl/util/TileRendererBase$TileRendererListener
instanceKlass jogamp/opengl/GLDrawableHelper$1
instanceKlass com/jogamp/opengl/awt/GLJPanel$12
instanceKlass com/jogamp/opengl/awt/GLJPanel$11
instanceKlass com/jogamp/opengl/awt/GLJPanel$10
instanceKlass com/jogamp/opengl/awt/GLJPanel$9
instanceKlass com/jogamp/opengl/awt/GLJPanel$8
instanceKlass com/jogamp/opengl/awt/GLJPanel$6
instanceKlass com/jogamp/opengl/awt/GLJPanel$5
instanceKlass com/jogamp/opengl/awt/GLJPanel$4
instanceKlass com/jogamp/opengl/awt/GLJPanel$2
instanceKlass com/jogamp/nativewindow/awt/AWTWindowClosingProtocol
instanceKlass com/jogamp/opengl/awt/GLJPanel$1
instanceKlass com/mathworks/hg/peer/HGCanvasPeer$Size
instanceKlass com/mathworks/hg/peer/HGCanvasPeer$Scale
instanceKlass com/jogamp/opengl/GLCapabilitiesChooser
instanceKlass com/jogamp/opengl/util/awt/AWTGLPixelBuffer$AWTGLPixelBufferProvider
instanceKlass com/jogamp/opengl/util/GLPixelBuffer$SingletonGLPixelBufferProvider
instanceKlass com/jogamp/opengl/util/GLPixelBuffer$GLPixelBufferProvider
instanceKlass com/jogamp/opengl/awt/GLJPanel$Updater
instanceKlass jogamp/opengl/awt/AWTTilePainter
instanceKlass com/jogamp/opengl/GLAnimatorControl
instanceKlass com/jogamp/opengl/FPSCounter
instanceKlass jogamp/opengl/GLDrawableHelper
instanceKlass com/jogamp/opengl/GLRunnable
instanceKlass com/jogamp/opengl/awt/GLJPanel$Backend
instanceKlass jogamp/opengl/windows/wgl/WindowsWGLDrawableFactory$SharedResource
instanceKlass jogamp/opengl/windows/wgl/WGLExtProcAddressTable$1
instanceKlass jogamp/opengl/gl4/GL4bcProcAddressTable$1
instanceKlass com/jogamp/opengl/GLUniformData
instanceKlass com/jogamp/opengl/GLArrayData
instanceKlass com/jogamp/common/nio/AbstractBuffer
instanceKlass com/jogamp/common/nio/NativeBuffer
instanceKlass jogamp/opengl/windows/wgl/WGLExtImpl
instanceKlass jogamp/opengl/ExtensionAvailabilityCache
instanceKlass jogamp/opengl/gl4/GL4bcImpl$14
instanceKlass jogamp/opengl/gl4/GL4bcImpl$13
instanceKlass jogamp/opengl/gl4/GL4bcImpl$12
instanceKlass jogamp/opengl/gl4/GL4bcImpl$11
instanceKlass jogamp/opengl/gl4/GL4bcImpl$10
instanceKlass jogamp/opengl/gl4/GL4bcImpl$9
instanceKlass jogamp/opengl/gl4/GL4bcImpl$8
instanceKlass jogamp/opengl/gl4/GL4bcImpl$7
instanceKlass jogamp/opengl/gl4/GL4bcImpl$6
instanceKlass jogamp/opengl/gl4/GL4bcImpl$5
instanceKlass jogamp/opengl/gl4/GL4bcImpl$4
instanceKlass jogamp/opengl/gl4/GL4bcImpl$3
instanceKlass jogamp/opengl/gl4/GL4bcImpl$2
instanceKlass jogamp/opengl/gl4/GL4bcImpl$1
instanceKlass jogamp/opengl/GLContextImpl$1
instanceKlass com/jogamp/opengl/GLRendererQuirks
instanceKlass jogamp/opengl/GLContextShareSet
instanceKlass jogamp/opengl/ListenerSyncedImplStub
instanceKlass jogamp/opengl/GLDebugMessageHandler
instanceKlass com/jogamp/common/util/IntObjectHashMap$Entry
instanceKlass com/jogamp/common/util/IntObjectHashMap$EntryCM
instanceKlass com/jogamp/common/util/IntObjectHashMap$1
instanceKlass com/jogamp/common/util/IntObjectHashMap
instanceKlass com/jogamp/opengl/GLBufferStorage
instanceKlass jogamp/opengl/GLBufferObjectTracker
instanceKlass jogamp/opengl/GLBufferStateTracker
instanceKlass jogamp/opengl/GLContextImpl$2
instanceKlass com/jogamp/common/util/IntIntHashMap$Entry
instanceKlass com/jogamp/common/util/IntIntHashMap
instanceKlass jogamp/opengl/GLStateTracker
instanceKlass jogamp/opengl/windows/wgl/WGLExt
instanceKlass com/jogamp/opengl/GLDebugListener
instanceKlass jogamp/nativewindow/windows/PIXELFORMATDESCRIPTOR
instanceKlass jogamp/opengl/windows/wgl/WGLUtil
instanceKlass jogamp/nativewindow/windows/RegisteredClass
instanceKlass jogamp/nativewindow/SurfaceUpdatedHelper
instanceKlass com/jogamp/nativewindow/UpstreamSurfaceHookMutableSize
instanceKlass com/jogamp/nativewindow/UpstreamSurfaceHook$MutableSize
instanceKlass jogamp/nativewindow/ProxySurfaceImpl
instanceKlass com/jogamp/nativewindow/DefaultGraphicsConfiguration
instanceKlass jogamp/opengl/GLGraphicsConfigurationUtil
instanceKlass com/jogamp/nativewindow/DefaultGraphicsScreen
instanceKlass jogamp/opengl/windows/wgl/WindowsWGLDrawableFactory$SharedResourceImplementation
instanceKlass jogamp/opengl/SharedResourceRunner
instanceKlass com/jogamp/nativewindow/VisualIDHolder$VIDComparator
instanceKlass com/jogamp/nativewindow/CapabilitiesChooser
instanceKlass com/jogamp/gluegen/runtime/opengl/GLNameResolver
instanceKlass com/jogamp/gluegen/runtime/opengl/GLProcAddressResolver
instanceKlass com/jogamp/gluegen/runtime/ProcAddressTable$1
instanceKlass jogamp/opengl/windows/wgl/WGL
instanceKlass jogamp/common/os/DynamicLinkerImpl$LibRef
instanceKlass com/jogamp/common/util/HashUtil
instanceKlass com/jogamp/common/util/LongObjectHashMap$Entry
instanceKlass com/jogamp/common/util/LongObjectHashMap$EntryCM
instanceKlass com/jogamp/common/util/LongObjectHashMap$1
instanceKlass com/jogamp/common/util/LongObjectHashMap
instanceKlass jogamp/common/os/DynamicLinkerImpl
instanceKlass com/jogamp/common/os/DynamicLibraryBundle$1
instanceKlass com/jogamp/common/util/RunnableExecutor$CurrentThreadExecutor
instanceKlass com/jogamp/common/util/RunnableExecutor
instanceKlass jogamp/opengl/GLDynamicLibraryBundleInfo
instanceKlass com/jogamp/common/os/DynamicLibraryBundleInfo
instanceKlass jogamp/opengl/windows/wgl/WindowsWGLDrawableFactory$1
instanceKlass jogamp/opengl/windows/wgl/WindowsWGLDrawableFactory$NopCPUAffinity
instanceKlass jogamp/opengl/GLDrawableImpl
instanceKlass com/jogamp/nativewindow/ProxySurface
instanceKlass com/jogamp/nativewindow/MutableSurface
instanceKlass jogamp/opengl/SharedResourceRunner$Resource
instanceKlass com/jogamp/common/os/DynamicLibraryBundle
instanceKlass jogamp/opengl/SharedResourceRunner$Implementation
instanceKlass jogamp/opengl/windows/wgl/WindowsWGLDrawableFactory$CPUAffinity
instanceKlass com/jogamp/opengl/GLOffscreenAutoDrawable
instanceKlass com/jogamp/opengl/GLFBODrawable
instanceKlass com/jogamp/nativewindow/UpstreamSurfaceHook
instanceKlass com/jogamp/opengl/GLDrawableFactory$1
instanceKlass com/jogamp/opengl/GLDrawableFactory
instanceKlass jogamp/opengl/es3/GLES3Impl
instanceKlass com/jogamp/opengl/GLES3
instanceKlass com/jogamp/opengl/GLES2
instanceKlass jogamp/opengl/es1/GLES1Impl
instanceKlass com/jogamp/opengl/GLES1
instanceKlass com/jogamp/gluegen/runtime/ProcAddressTable
instanceKlass jogamp/opengl/GLBufferObjectTracker$MapBufferRangeDispatch
instanceKlass jogamp/opengl/GLBufferObjectTracker$MapBufferAllDispatch
instanceKlass jogamp/opengl/GLBufferObjectTracker$MapBufferDispatch
instanceKlass jogamp/opengl/GLBufferObjectTracker$UnmapBufferDispatch
instanceKlass jogamp/opengl/GLBufferObjectTracker$CreateStorageDispatch
instanceKlass jogamp/opengl/gl4/GL4bcImpl
instanceKlass com/jogamp/opengl/GL4bc
instanceKlass com/mathworks/hg/util/DisplayChangeManager
instanceKlass com/mathworks/hg/util/GraphicsDeviceUtilities
instanceKlass com/jogamp/opengl/GL4
instanceKlass com/jogamp/opengl/GL3bc
instanceKlass com/jogamp/opengl/GL3
instanceKlass com/jogamp/opengl/GL2
instanceKlass com/jogamp/opengl/GL2GL3
instanceKlass com/jogamp/opengl/GL4ES3
instanceKlass com/jogamp/opengl/GL3ES3
instanceKlass com/jogamp/opengl/GL2ES3
instanceKlass com/jogamp/opengl/GL2ES2
instanceKlass com/jogamp/opengl/GL2ES1
instanceKlass com/jogamp/opengl/fixedfunc/GLLightingFunc
instanceKlass com/jogamp/opengl/fixedfunc/GLPointerFunc
instanceKlass com/jogamp/opengl/fixedfunc/GLMatrixFunc
instanceKlass com/jogamp/opengl/GL
instanceKlass com/jogamp/opengl/GLBase
instanceKlass com/jogamp/nativewindow/ScalableSurface
instanceKlass com/jogamp/opengl/GLSharedContextSetter
instanceKlass com/jogamp/nativewindow/awt/AWTPrintLifecycle
instanceKlass com/jogamp/nativewindow/OffscreenLayerOption
instanceKlass com/jogamp/nativewindow/WindowClosingProtocol
instanceKlass com/jogamp/opengl/awt/AWTGLAutoDrawable
instanceKlass com/jogamp/opengl/awt/ComponentEvents
instanceKlass com/jogamp/nativewindow/GraphicsConfigurationFactory$DeviceCapsType
instanceKlass com/jogamp/nativewindow/GraphicsConfigurationFactory
instanceKlass jogamp/nativewindow/NullToolkitLock
instanceKlass jogamp/nativewindow/windows/GDI
instanceKlass jogamp/nativewindow/windows/RegisteredClassFactory
instanceKlass com/jogamp/nativewindow/util/Point
instanceKlass jogamp/nativewindow/windows/GDIUtil
instanceKlass jogamp/nativewindow/ToolkitProperties
instanceKlass jogamp/nativewindow/jawt/JAWTUtil$2
instanceKlass java/awt/DisplayMode
instanceKlass java/awt/peer/SystemTrayPeer
instanceKlass java/awt/SystemTray
instanceKlass java/awt/peer/TrayIconPeer
instanceKlass java/awt/peer/RobotPeer
instanceKlass java/awt/Robot
instanceKlass java/awt/peer/CheckboxMenuItemPeer
instanceKlass java/awt/peer/FileDialogPeer
instanceKlass java/awt/peer/PopupMenuPeer
instanceKlass java/awt/peer/MenuPeer
instanceKlass java/awt/peer/MenuItemPeer
instanceKlass java/awt/peer/MenuBarPeer
instanceKlass java/awt/peer/MenuComponentPeer
instanceKlass java/awt/peer/DialogPeer
instanceKlass java/awt/peer/ChoicePeer
instanceKlass java/awt/peer/TextAreaPeer
instanceKlass java/awt/peer/ScrollPanePeer
instanceKlass java/awt/peer/ScrollbarPeer
instanceKlass java/awt/peer/CheckboxPeer
instanceKlass java/awt/peer/ListPeer
instanceKlass java/awt/peer/LabelPeer
instanceKlass java/awt/peer/TextFieldPeer
instanceKlass java/awt/peer/TextComponentPeer
instanceKlass java/awt/peer/ButtonPeer
instanceKlass jogamp/nativewindow/jawt/JAWTUtil$PrivilegedDataBlob1
instanceKlass jogamp/nativewindow/jawt/JAWTUtil$1
instanceKlass jogamp/opengl/awt/Java2D$1
instanceKlass sun/java2d/opengl/OGLUtilities
instanceKlass jogamp/opengl/awt/Java2D$2
instanceKlass jogamp/opengl/awt/Java2D
instanceKlass jogamp/nativewindow/jawt/JAWTFactory
instanceKlass jogamp/nativewindow/jawt/JAWT$1
instanceKlass jogamp/nativewindow/jawt/JAWT
instanceKlass jogamp/nativewindow/NWJNILibLoader$1
instanceKlass jogamp/nativewindow/jawt/JAWTJNILibLoader$1
instanceKlass jogamp/nativewindow/jawt/JAWTUtil
instanceKlass com/jogamp/nativewindow/NativeWindowFactory$3
instanceKlass com/jogamp/nativewindow/DefaultGraphicsDevice
instanceKlass com/jogamp/nativewindow/NativeWindowFactory$4
instanceKlass com/jogamp/nativewindow/NativeWindowFactory$2$1
instanceKlass jogamp/nativewindow/Debug$1
instanceKlass com/jogamp/nativewindow/NativeWindowFactory$2
instanceKlass com/jogamp/nativewindow/AbstractGraphicsScreen
instanceKlass com/jogamp/nativewindow/ToolkitLock
instanceKlass com/jogamp/nativewindow/NativeWindow
instanceKlass com/jogamp/nativewindow/NativeSurface
instanceKlass com/jogamp/nativewindow/SurfaceUpdatedListener
instanceKlass com/jogamp/nativewindow/AbstractGraphicsConfiguration
instanceKlass com/jogamp/nativewindow/AbstractGraphicsDevice
instanceKlass com/jogamp/nativewindow/util/PointImmutable
instanceKlass com/jogamp/nativewindow/NativeWindowFactory
instanceKlass com/jogamp/opengl/GLProfile$1
instanceKlass com/jogamp/gluegen/runtime/FunctionAddressResolver
instanceKlass com/jogamp/opengl/GLContext
instanceKlass jogamp/common/util/locks/RecursiveLockImpl01Unfairish$Sync
instanceKlass jogamp/common/util/locks/RecursiveLockImpl01Unfairish
instanceKlass com/jogamp/common/util/locks/RecursiveThreadGroupLock
instanceKlass com/jogamp/common/util/locks/RecursiveLock
instanceKlass com/jogamp/common/util/locks/ThreadLock
instanceKlass com/jogamp/common/util/locks/Lock
instanceKlass com/jogamp/common/util/locks/LockFactory
instanceKlass jogamp/opengl/Debug$1
instanceKlass jogamp/common/os/MachineDataInfoRuntime
instanceKlass jogamp/common/jvm/JVMUtil
instanceKlass com/jogamp/common/jvm/JNILibLoaderBase$1
instanceKlass com/jogamp/common/jvm/JNILibLoaderBase$DefaultAction
instanceKlass com/jogamp/common/jvm/JNILibLoaderBase$LoaderAction
instanceKlass com/jogamp/common/jvm/JNILibLoaderBase
instanceKlass com/jogamp/common/net/Uri$Encoded
instanceKlass com/jogamp/common/net/Uri
instanceKlass com/jogamp/common/util/JarUtil
instanceKlass com/jogamp/common/os/Platform$1
instanceKlass jogamp/common/os/PlatformPropsImpl$3
instanceKlass com/jogamp/common/nio/Buffers
instanceKlass com/jogamp/common/nio/StructAccessor
instanceKlass com/jogamp/common/os/MachineDataInfo
instanceKlass jogamp/common/os/elf/IOUtils
instanceKlass jogamp/common/os/elf/Ehdr_p1
instanceKlass jogamp/common/os/elf/ElfHeaderPart1
instanceKlass com/jogamp/common/os/NativeLibrary$2
instanceKlass com/jogamp/common/os/NativeLibrary$1
instanceKlass com/jogamp/common/os/NativeLibrary$4
instanceKlass com/jogamp/common/os/NativeLibrary$3
instanceKlass com/jogamp/common/util/cache/TempJarCache
instanceKlass com/jogamp/common/util/IOUtil
instanceKlass com/jogamp/common/os/NativeLibrary$5
instanceKlass com/jogamp/common/os/DynamicLinker
instanceKlass com/jogamp/common/os/NativeLibrary
instanceKlass com/jogamp/common/os/DynamicLookupHelper
instanceKlass jogamp/common/os/PlatformPropsImpl$1
instanceKlass jogamp/common/os/PlatformPropsImpl$2
instanceKlass com/jogamp/common/util/ReflectionUtil
instanceKlass com/jogamp/common/os/AndroidVersion
instanceKlass com/jogamp/common/util/VersionNumber
instanceKlass com/jogamp/common/util/PropertyAccess$1
instanceKlass com/jogamp/common/util/SecurityUtil
instanceKlass jogamp/common/Debug$1
instanceKlass com/jogamp/common/util/PropertyAccess
instanceKlass jogamp/common/os/PlatformPropsImpl
instanceKlass com/jogamp/opengl/GLProfile
instanceKlass com/jogamp/nativewindow/Capabilities
instanceKlass com/jogamp/opengl/GLAutoDrawable
instanceKlass com/jogamp/opengl/GLDrawable
instanceKlass com/jogamp/nativewindow/NativeSurfaceHolder
instanceKlass com/jogamp/opengl/GLEventListener
instanceKlass com/jogamp/opengl/GLCapabilitiesImmutable
instanceKlass com/jogamp/nativewindow/CapabilitiesImmutable
instanceKlass com/jogamp/common/type/WriteCloneable
instanceKlass com/jogamp/nativewindow/VisualIDHolder
instanceKlass com/mathworks/hg/peer/OpenGLWrapper$OpenGLEventListener
instanceKlass com/mathworks/hg/peer/GLCanvasPeerFactory
instanceKlass com/mathworks/hg/peer/GraphicsPeersUtilities$PairOfPeers
instanceKlass com/mathworks/hg/peer/GraphicsPeer$1
instanceKlass com/mathworks/hg/peer/CanvasPeerMouseListener
instanceKlass com/mathworks/hg/peer/HGCanvasComponentPeer
instanceKlass com/mathworks/hg/peer/HGCanvasPeer
instanceKlass com/mathworks/hg/print/Exportable
instanceKlass com/mathworks/hg/peer/GraphicsPeer
instanceKlass com/mathworks/hg/peer/SceneServerInterface
instanceKlass com/mathworks/hg/peer/CommandTarget
instanceKlass com/mathworks/hg/peer/GraphicsEventHandler
instanceKlass com/mathworks/hg/peer/GraphicsPeersUtilities
instanceKlass com/mathworks/hg/peer/WindowRectHandlerImpl$MarginHelper
instanceKlass com/mathworks/hg/peer/FigureInsetsUtilities
instanceKlass com/mathworks/jmi/bean/BeanFinalizeNotifier
instanceKlass com/mathworks/jmi/bean/ClassInfoServer
instanceKlass com/mathworks/util/MutableInt
instanceKlass com/mathworks/jmi/bean/MatlabBeanInterface
instanceKlass javax/swing/OverlayLayout
instanceKlass com/mathworks/hg/peer/HeavyweightLightweightContainerFactory$UIComponentHost
instanceKlass com/mathworks/hg/peer/HeavyweightLightweightContainerFactory$UIPanelHost
instanceKlass com/mathworks/hg/peer/FigureComponentContainerProxy$ComponentContainerPropertyChangeListener
instanceKlass com/mathworks/hg/peer/FigureComponentProxy$FigureKeyEventDispatcher
instanceKlass com/mathworks/hg/util/FocusTraversalUtilities
instanceKlass com/mathworks/hg/peer/HeavyweightLightweightContainerFactory
instanceKlass com/mathworks/hg/peer/HeavyweightLightweightContainerFactory$PrintableContainerUtility
instanceKlass com/sun/awt/AWTUtilities
instanceKlass com/mathworks/hg/peer/TransparentPanelUtilities
instanceKlass com/mathworks/hg/print/HGOutputFlags
instanceKlass com/mathworks/hg/peer/FigureClientProxy$FigureDTClientBase$1
instanceKlass com/mathworks/hg/peer/NoBlockOnResizeAndWindowStyleChangeState
instanceKlass com/mathworks/hg/peer/PositionHandler
instanceKlass com/mathworks/hg/peer/FigurePositionableProxy
instanceKlass com/mathworks/hg/peer/UIComponentManager
instanceKlass com/mathworks/hg/peer/FigureKeyListener
instanceKlass com/mathworks/hg/peer/FigureClientProxy$ShowEnabledHandler$1
instanceKlass com/mathworks/hg/peer/IPositionable
instanceKlass com/mathworks/hg/peer/FigurePeer$2
instanceKlass com/mathworks/hg/peer/WindowRectHandlerImpl$LocationSizeSetHandler
instanceKlass com/mathworks/hg/peer/WindowRectHandlerImpl$FigureAttributesChanging
instanceKlass com/mathworks/hg/peer/WindowRectHandlerImpl
instanceKlass com/mathworks/hg/peer/FigureWindowActiveState
instanceKlass com/mathworks/hg/peer/BlockedOnPositionState
instanceKlass com/mathworks/hg/peer/FigureHG2Client
instanceKlass com/mathworks/hg/peer/FigureClient
instanceKlass com/sun/java/swing/plaf/windows/AnimationController$PartUIClientPropertyKey
instanceKlass com/mathworks/mde/cmdwin/CmdWinDocument$4
instanceKlass com/mathworks/mde/cmdwin/CmdWinDocument$AnnotatedInfo
instanceKlass com/mathworks/mde/cmdwin/CmdWinDocument$SpecialCharacter
instanceKlass com/mathworks/toolbox/matlab/webwindow/FocusManager$WindowEventListener
instanceKlass com/mathworks/toolbox/matlab/webwindow/FocusManager
instanceKlass com/mathworks/hg/util/HGPeerQueue
instanceKlass com/mathworks/mde/editor/MatlabBatchedBusyIdleStateManager$3
instanceKlass sun/font/AttributeValues$1
instanceKlass com/mathworks/hg/util/FontNameTranslator$FontNameTable
instanceKlass com/mathworks/hg/util/FontNameTranslator
instanceKlass com/mathworks/hg/util/FontConverter
instanceKlass com/mathworks/hg/uij/TextRasterizer
instanceKlass com/mathworks/mvm/context/ThreadContext$1
instanceKlass com/mathworks/jmi/AWTUtilities$Invoker$5$1
instanceKlass com/mathworks/jmi/AWTUtilities$Invoker$5
instanceKlass com/mathworks/hg/uij/CharacterSizeCalcProxy$1
instanceKlass com/mathworks/hg/uij/CharacterSizeCalcProxy
instanceKlass java/security/DomainCombiner
instanceKlass com/mathworks/mde/editor/EditorPauseAction$3$1
instanceKlass com/mathworks/mde/editor/EditorToolSetFactory$7$1
instanceKlass com/mathworks/mde/editor/debug/EditorToolstripRefreshManager$BusyIdleListener$1
instanceKlass com/mathworks/mde/cmdwin/CmdWinMLIF$10
instanceKlass com/mathworks/jmi/AWTUtilities$MatlabWait
instanceKlass com/mathworks/mde/cmdwin/CmdWinDocument$FlushRunnable
instanceKlass com/mathworks/mlwidgets/dialog/PathChange$2
instanceKlass com/mathworks/mde/cmdwin/CmdWinMLIF$5$1
instanceKlass com/mathworks/mde/cmdwin/XCaret$4
instanceKlass ca/odell/glazedlists/impl/event/BlockSequence$Iterator
instanceKlass com/mathworks/mde/cmdwin/CmdWinMLIF$5
instanceKlass com/mathworks/mlwidgets/dialog/PathChange$1$1
instanceKlass com/mathworks/hwsmanagement/InstalledSupportPackage$Builder
instanceKlass com/mathworks/mlwidgets/dialog/PathChange$1
instanceKlass com/mathworks/mde/editor/EditorUiUtils
instanceKlass com/mathworks/mlwidgets/dialog/PathChange
instanceKlass com/mathworks/mde/editor/plugins/matlab/EditorSaveRunAndPublishUtils$2
instanceKlass com/mathworks/mde/editor/plugins/matlab/EditorSaveRunAndPublishUtils$1
instanceKlass com/mathworks/mlwidgets/configeditor/ui/ActionRequestListener
instanceKlass com/mathworks/mde/editor/plugins/matlab/EditorSaveRunAndPublishUtils
instanceKlass com/mathworks/mde/editor/plugins/matlab/RunMenu$14
instanceKlass com/mathworks/mde/editor/plugins/editordataservice/LegacyJavaExecutionFeature$2
instanceKlass javax/xml/bind/annotation/XmlEnumValue
instanceKlass com/mathworks/ddux/ddux
instanceKlass com/mathworks/ddux/DDUXLog
instanceKlass sun/awt/EventQueueDelegate$Delegate
instanceKlass com/mathworks/mde/liveeditor/LiveEditorStatusBar$4
instanceKlass com/mathworks/mvm/exec/MvmSwingWorker$1$1
instanceKlass com/mathworks/system/editor/toolstrip/MATLABCommandSender$1
instanceKlass com/mathworks/system/editor/toolstrip/MATLABCommandSender$2
instanceKlass com/mathworks/system/editor/toolstrip/ToolstripControllerImpl$1
instanceKlass com/mathworks/mvm/exec/MvmSwingWorker$1
instanceKlass com/mathworks/widgets/desk/Desktop$45
instanceKlass com/mathworks/mde/liveeditor/LiveEditorGlobalActionManager$SingletonHolder
instanceKlass com/mathworks/mde/liveeditor/LiveEditorGlobalActionManager
instanceKlass com/mathworks/mde/liveeditor/widget/rtc/RichDocument$9
instanceKlass com/mathworks/toolbox/matlab/testframework/ui/toolstrip/TestsToolSetMatlabCommandSender$9
instanceKlass com/mathworks/toolbox/matlab/testframework/ui/toolstrip/TestsToolSetMatlabCommandSender$1
instanceKlass com/mathworks/mde/find/FindFilesController
instanceKlass com/mathworks/system/editor/toolstrip/SystemLiveEditorToolstripTabContributor$Listeners$4
instanceKlass com/mathworks/toolbox/matlab/testframework/ui/toolstrip/TestsLiveEditorToolstripContributor$$Lambda$62
instanceKlass java/lang/invoke/LambdaForm$DMH
instanceKlass java/util/ArrayDeque$DescendingIterator
instanceKlass java/awt/font/TextHitInfo
instanceKlass sun/awt/windows/WInputMethod$1
instanceKlass com/mathworks/toolbox/matlab/matlabwindowjava/CEFWebComponent$5
instanceKlass com/mathworks/desktop/overlay/impl/DefaultOverlayManager$OverlayItem
instanceKlass com/mathworks/util/logger/impl/LegacyLogger
instanceKlass com/mathworks/util/logger/Logger
instanceKlass com/mathworks/util/event/EventUtils$1
instanceKlass com/mathworks/desktop/overlay/impl/DefaultOverlayManager$5
instanceKlass com/mathworks/desktop/overlay/impl/DefaultOverlayManager$4
instanceKlass com/mathworks/desktop/overlay/impl/DefaultOverlayManager$2
instanceKlass com/mathworks/desktop/overlay/impl/DefaultOverlayManager$1
instanceKlass com/google/common/collect/MapMakerInternalMap$StrongValueEntry
instanceKlass com/google/common/collect/MapMakerInternalMap$WeakKeyStrongValueEntry$Helper
instanceKlass com/google/common/collect/MapMakerInternalMap$InternalEntry
instanceKlass com/google/common/collect/MapMakerInternalMap$1
instanceKlass com/google/common/collect/MapMakerInternalMap$InternalEntryHelper
instanceKlass javax/swing/CompareTabOrderComparator
instanceKlass com/google/common/collect/MapMakerInternalMap$WeakValueReference
instanceKlass com/mathworks/desktop/overlay/OverlayManagers$DefaultFactory
instanceKlass com/mathworks/desktop/overlay/OverlayManagers$OverlayManagerFactory
instanceKlass com/mathworks/desktop/overlay/OverlayManagers
instanceKlass java/awt/MultipleGradientPaintContext
instanceKlass java/awt/MultipleGradientPaint
instanceKlass org/cef/browser/CefBrowserWr$2$1
instanceKlass sun/awt/geom/Curve
instanceKlass com/mathworks/widgets/desk/DTDropOutlinePainter
instanceKlass com/mathworks/widgets/desk/DTDragUtilities
instanceKlass com/mathworks/mlwidgets/explorer/widgets/address/AddressBarButtonPanel$1
instanceKlass com/mathworks/mlwidgets/explorer/widgets/address/AddressBarButtonPanel$StateChangeListener$1
instanceKlass java/awt/LightweightDispatcher$2
instanceKlass com/mathworks/page/plottool/propertyeditor/controls/AbstractPositionSelector$SelectableRegion
instanceKlass com/mathworks/page/plottool/propertyeditor/controls/LimitsControl$LimitsInputCompletionObserver
instanceKlass com/mathworks/page/plottool/propertyeditor/controls/ValueStringVector
instanceKlass com/mathworks/page/plottool/propertyeditor/controls/PropertyControl$UDDPropertyChangeListener
instanceKlass java/beans/Customizer
instanceKlass com/mathworks/page/plottool/propertyeditor/panels/IPropertyPanel
instanceKlass com/mathworks/page/plottool/propertyeditor/BeanManager
instanceKlass com/mathworks/page/plottool/PropertyEditor$UpdateObjectsMatlabRunnable
instanceKlass com/mathworks/page/plottool/propertyeditor/PropertyEditorResources
instanceKlass com/mathworks/page/plottool/figurepalette/FigurePaletteResources
instanceKlass com/mathworks/widgets/recordlist/AbstractRecordlistModel
instanceKlass com/mathworks/widgets/recordlist/IVirtualRecordContainer
instanceKlass com/mathworks/widgets/recordlist/IRecordIconProvider
instanceKlass com/mathworks/mlwidgets/workspace/ValueLookup
instanceKlass com/mathworks/widgets/recordlist/IRecordlistRefresher
instanceKlass com/mathworks/widgets/recordlist/IRestrictedSortRecordlist
instanceKlass com/mathworks/widgets/recordlist/IRecordEditor
instanceKlass com/mathworks/widgets/recordlist/IRecordOpener
instanceKlass com/mathworks/widgets/recordlist/IRecordDuplicator
instanceKlass com/mathworks/widgets/recordlist/IRecordDeleter
instanceKlass com/mathworks/widgets/recordlist/IRecordCreator
instanceKlass com/mathworks/widgets/recordlist/IRecordFieldCopier
instanceKlass com/mathworks/widgets/recordlist/IRecordCopier
instanceKlass com/mathworks/page/plottool/figurepalette/VarsPalettePage$FigPalatteWorkspaceIcon
instanceKlass com/mathworks/widgets/recordlist/IGenericNameSupplier
instanceKlass com/mathworks/widgets/recordlist/IRecordValueMutator
instanceKlass com/mathworks/widgets/recordlist/IRecordlistMutator
instanceKlass com/mathworks/mlwidgets/graphics/IPlotPickerDisplayTrigger
instanceKlass com/mathworks/mlwidgets/workspace/graphics/IGraphingActionListener
instanceKlass com/mathworks/mlwidgets/workspace/graphics/IGraphableInfoProvider
instanceKlass com/mathworks/mlwidgets/workspace/IWorkspaceActionProvider
instanceKlass com/mathworks/widgets/recordlist/IActionProvider
instanceKlass com/mathworks/widgets/recordlist/IRecordlistModel
instanceKlass com/mathworks/widgets/recordlist/IRecordlistFieldConfig
instanceKlass com/mathworks/widgets/recordlist/IRecordContainer
instanceKlass com/mathworks/page/plottool/PlotBrowser$CachedFigureState
instanceKlass javax/swing/event/TreeModelListener
instanceKlass com/mathworks/page/plottool/PlotBrowser$ParentProxy
instanceKlass com/mathworks/page/plottool/PlotBrowser$BrowserItem
instanceKlass com/mathworks/page/plottool/MatlabSelectionListener
instanceKlass com/mathworks/page/plottool/SelectionManager$DropListener
instanceKlass com/mathworks/page/plottool/SelectionManager
instanceKlass com/mathworks/widgets/color/ColorPicker$ColorSwatch
instanceKlass com/mathworks/widgets/color/ColorPickerUtils
instanceKlass com/jgoodies/forms/util/DefaultUnitConverter$DialogBaseUnits
instanceKlass com/jgoodies/forms/util/AbstractUnitConverter
instanceKlass com/mathworks/hg/types/HGLineStyles
instanceKlass com/mathworks/hg/types/HGPoint3
instanceKlass com/mathworks/hg/types/HGView
instanceKlass org/apache/commons/lang/math/Range
instanceKlass com/mathworks/hg/types/Resources
instanceKlass com/mathworks/hg/types/HGMeshColor
instanceKlass com/mathworks/hg/types/HGRectangle
instanceKlass com/mathworks/hg/types/HGPoint
instanceKlass java/beans/PropertyEditorManager
instanceKlass java/beans/PropertyEditorSupport
instanceKlass java/beans/PropertyEditor
instanceKlass com/mathworks/beans/editors/IEditorContextSupport
instanceKlass com/mathworks/beans/editors/EnhancedPropertyEditor
instanceKlass com/mathworks/hg/types/HGColor
instanceKlass com/mathworks/hg/types/HGHandle
instanceKlass com/mathworks/hg/Text
instanceKlass com/mathworks/hg/Axes
instanceKlass com/mathworks/hg/GObject
instanceKlass com/mathworks/hg/Figure
instanceKlass com/mathworks/hg/Root
instanceKlass com/mathworks/mlwidgets/util/productinfo/ProductInfoUtils$Parser
instanceKlass com/mathworks/mlwidgets/util/productinfo/ProductInfoUtils$PathActionListener
instanceKlass com/mathworks/jmi/bean/generic_info
instanceKlass com/mathworks/jmi/bean/attribute_info
instanceKlass com/mathworks/jmi/bean/cp_info
instanceKlass com/mathworks/jmi/bean/class_file
instanceKlass com/mathworks/jmi/bean/BeanFileData
instanceKlass com/mathworks/jmi/bean/BeanManager
instanceKlass com/mathworks/jmi/bean/CallbackInfo
instanceKlass com/mathworks/jmi/bean/CallbackData
instanceKlass com/mathworks/jmi/bean/EventQueue
instanceKlass com/mathworks/jmi/bean/MatlabCallbackInterface
instanceKlass com/mathworks/jmi/bean/EventCallback
instanceKlass com/mathworks/jmi/bean/BeanWrapper
instanceKlass com/mathworks/jmi/bean/MethodInfo
instanceKlass com/mathworks/jmi/bean/EventInfo
instanceKlass com/mathworks/jmi/bean/ClassWrapper
instanceKlass com/mathworks/jmi/bean/PropInfo
instanceKlass com/mathworks/beans/ExtraPropertyAttributes
instanceKlass com/mathworks/jmi/bean/EventServer
instanceKlass com/mathworks/jmi/bean/BeanUDDListenerAdapter
instanceKlass com/mathworks/jmi/bean/ClassFileEditor
instanceKlass com/mathworks/jmi/bean/ListenerClassServer
instanceKlass com/mathworks/hg/peer/ui/table/event/UITableCellEditValidationListener
instanceKlass com/mathworks/hg/peer/ui/table/event/UITableCellEditListener
instanceKlass com/mathworks/hg/peer/ui/event/UIKeyListener
instanceKlass com/mathworks/hg/peer/event/UicontrolUserListener
instanceKlass com/mathworks/hg/peer/event/UicontrolListener
instanceKlass com/mathworks/hg/peer/event/UicontrolKeyListener
instanceKlass com/mathworks/hg/peer/event/NodeSelectedListener
instanceKlass com/mathworks/hg/peer/event/NodeSelectedEvent
instanceKlass com/mathworks/hg/peer/event/NodeExpandedListener
instanceKlass com/mathworks/hg/p